<?xml version="1.0" encoding="UTF-8"?>
<testng-results skipped="0" failed="0" total="1" passed="1">
  <reporter-output>
  </reporter-output>
  <suite name="Suite" duration-ms="106" started-at="2017-04-22T02:23:08Z" finished-at="2017-04-22T02:23:08Z">
    <groups>
    </groups>
    <test name="Test" duration-ms="106" started-at="2017-04-22T02:23:08Z" finished-at="2017-04-22T02:23:08Z">
      <class name="TestPak.Test">
        <test-method status="PASS" signature="testMethod()[pri:0, instance:TestPak.Test@1479e3f]" name="testMethod" duration-ms="35" started-at="2017-04-22T07:53:08Z" finished-at="2017-04-22T07:53:08Z">
          <reporter-output>
          </reporter-output>
        </test-method> <!-- testMethod -->
      </class> <!-- TestPak.Test -->
    </test> <!-- Test -->
  </suite> <!-- Suite -->
</testng-results>
